#
# There is insufficient memory for the Java Runtime Environment to continue.
# Native memory allocation (malloc) failed to allocate 1319216 bytes for Chunk::new
# Possible reasons:
#   The system is out of physical RAM or swap space
#   The process is running with CompressedOops enabled, and the Java Heap may be blocking the growth of the native heap
# Possible solutions:
#   Reduce memory load on the system
#   Increase physical memory or swap space
#   Check if swap backing store is full
#   Decrease Java heap size (-Xmx/-Xms)
#   Decrease number of Java threads
#   Decrease Java thread stack sizes (-Xss)
#   Set larger code cache with -XX:ReservedCodeCacheSize=
#   JVM is running with Unscaled Compressed Oops mode in which the Java heap is
#     placed in the first 4GB address space. The Java Heap base address is the
#     maximum limit for the native heap growth. Please use -XX:HeapBaseMinAddress
#     to set the Java Heap base and to place the Java Heap above 4GB virtual address.
# This output file may be truncated or incomplete.
#
#  Out of Memory Error (src/hotspot/share/memory/arena.cpp:197), pid=18376, tid=21420
#
# JRE version: OpenJDK Runtime Environment (11.0.15) (build 11.0.15+0-b2043.56-9505619)
# Java VM: OpenJDK 64-Bit Server VM (11.0.15+0-b2043.56-9505619, mixed mode, tiered, compressed oops, g1 gc, windows-amd64)
# No core dump will be written. Minidumps are not enabled by default on client versions of Windows
#

---------------  S U M M A R Y ------------

Command Line: --add-opens=java.base/java.util=ALL-UNNAMED --add-opens=java.base/java.lang=ALL-UNNAMED --add-opens=java.base/java.lang.invoke=ALL-UNNAMED --add-opens=java.base/java.util=ALL-UNNAMED --add-opens=java.prefs/java.util.prefs=ALL-UNNAMED --add-opens=java.prefs/java.util.prefs=ALL-UNNAMED --add-opens=java.base/java.nio.charset=ALL-UNNAMED --add-opens=java.base/java.net=ALL-UNNAMED --add-opens=java.base/java.util.concurrent.atomic=ALL-UNNAMED -Xmx2048m -Dfile.encoding=UTF-8 -Duser.country=US -Duser.language=en -Duser.variant org.gradle.launcher.daemon.bootstrap.GradleDaemon 7.3.3

Host: Intel(R) Core(TM) i5-10400F CPU @ 2.90GHz, 8 cores, 15G,  Windows 10 , 64 bit Build 19041 (10.0.19041.2546)
Time: Fri Apr 14 20:49:48 2023 SE Asia Standard Time elapsed time: 2.731360 seconds (0d 0h 0m 2s)

---------------  T H R E A D  ---------------

Current thread (0x0000024970e44000):  JavaThread "C2 CompilerThread0" daemon [_thread_in_native, id=21420, stack(0x000000ceae400000,0x000000ceae500000)]


Current CompileTask:
C2:   2731 1971   !   4       java.lang.ClassLoader::loadClass (122 bytes)

Stack: [0x000000ceae400000,0x000000ceae500000]
Native frames: (J=compiled Java code, j=interpreted, Vv=VM code, C=native code)
V  [jvm.dll+0x64135a]
V  [jvm.dll+0x7d39f9]
V  [jvm.dll+0x7d51b9]
V  [jvm.dll+0x7d58a3]
V  [jvm.dll+0x2691c5]
V  [jvm.dll+0xc1a5c]
V  [jvm.dll+0xc200c]
V  [jvm.dll+0x3774a7]
V  [jvm.dll+0x342495]
V  [jvm.dll+0x34186a]
V  [jvm.dll+0x2214bd]
V  [jvm.dll+0x220498]
V  [jvm.dll+0x19e851]
V  [jvm.dll+0x230479]
V  [jvm.dll+0x22e5ef]
V  [jvm.dll+0x794de1]
V  [jvm.dll+0x78dc24]
V  [jvm.dll+0x6400f6]
C  [ucrtbase.dll+0x21bb2]
C  [KERNEL32.DLL+0x17614]
C  [ntdll.dll+0x526a1]


---------------  P R O C E S S  ---------------

Threads class SMR info:
_java_thread_list=0x0000024973b2d730, length=23, elements={
0x00000249560b4800, 0x0000024970dd2800, 0x0000024970dde000, 0x0000024970e3b000,
0x0000024970e41000, 0x0000024970e42000, 0x0000024970e44000, 0x0000024970e4a800,
0x0000024970e55800, 0x0000024970fb6800, 0x0000024971d23000, 0x0000024973f0c800,
0x0000024971fbe000, 0x0000024972921000, 0x0000024972479800, 0x000002497364c800,
0x0000024973344000, 0x0000024973004800, 0x0000024973005800, 0x0000024972a43800,
0x0000024972f8e000, 0x0000024972f91800, 0x0000024972f8f000
}

Java Threads: ( => current thread )
  0x00000249560b4800 JavaThread "main" [_thread_blocked, id=22756, stack(0x000000cead800000,0x000000cead900000)]
  0x0000024970dd2800 JavaThread "Reference Handler" daemon [_thread_blocked, id=16900, stack(0x000000ceadf00000,0x000000ceae000000)]
  0x0000024970dde000 JavaThread "Finalizer" daemon [_thread_blocked, id=19860, stack(0x000000ceae000000,0x000000ceae100000)]
  0x0000024970e3b000 JavaThread "Signal Dispatcher" daemon [_thread_blocked, id=23392, stack(0x000000ceae100000,0x000000ceae200000)]
  0x0000024970e41000 JavaThread "Attach Listener" daemon [_thread_blocked, id=2832, stack(0x000000ceae200000,0x000000ceae300000)]
  0x0000024970e42000 JavaThread "Service Thread" daemon [_thread_blocked, id=22480, stack(0x000000ceae300000,0x000000ceae400000)]
=>0x0000024970e44000 JavaThread "C2 CompilerThread0" daemon [_thread_in_native, id=21420, stack(0x000000ceae400000,0x000000ceae500000)]
  0x0000024970e4a800 JavaThread "C1 CompilerThread0" daemon [_thread_blocked, id=22292, stack(0x000000ceae500000,0x000000ceae600000)]
  0x0000024970e55800 JavaThread "Sweeper thread" daemon [_thread_blocked, id=20816, stack(0x000000ceae600000,0x000000ceae700000)]
  0x0000024970fb6800 JavaThread "Common-Cleaner" daemon [_thread_blocked, id=3480, stack(0x000000ceae700000,0x000000ceae800000)]
  0x0000024971d23000 JavaThread "Daemon health stats" [_thread_blocked, id=21744, stack(0x000000ceaf000000,0x000000ceaf100000)]
  0x0000024973f0c800 JavaThread "Incoming local TCP Connector on port 59019" [_thread_in_native, id=20068, stack(0x000000ceae900000,0x000000ceaea00000)]
  0x0000024971fbe000 JavaThread "Daemon periodic checks" [_thread_blocked, id=15144, stack(0x000000ceaef00000,0x000000ceaf000000)]
  0x0000024972921000 JavaThread "Daemon" [_thread_blocked, id=1176, stack(0x000000ceaf100000,0x000000ceaf200000)]
  0x0000024972479800 JavaThread "Handler for socket connection from /127.0.0.1:59019 to /127.0.0.1:59020" [_thread_in_native, id=22108, stack(0x000000ceaf200000,0x000000ceaf300000)]
  0x000002497364c800 JavaThread "Cancel handler" [_thread_blocked, id=10412, stack(0x000000ceaf300000,0x000000ceaf400000)]
  0x0000024973344000 JavaThread "Daemon worker" [_thread_in_vm, id=5052, stack(0x000000ceaf400000,0x000000ceaf500000)]
  0x0000024973004800 JavaThread "Asynchronous log dispatcher for DefaultDaemonConnection: socket connection from /127.0.0.1:59019 to /127.0.0.1:59020" [_thread_blocked, id=22796, stack(0x000000ceaf500000,0x000000ceaf600000)]
  0x0000024973005800 JavaThread "Stdin handler" [_thread_blocked, id=11048, stack(0x000000ceaf600000,0x000000ceaf700000)]
  0x0000024972a43800 JavaThread "Daemon client event forwarder" [_thread_blocked, id=19568, stack(0x000000ceaf700000,0x000000ceaf800000)]
  0x0000024972f8e000 JavaThread "Cache worker for journal cache (C:\Users\USER\Documents\fictionlog-android2\.gradle\7.4.2\caches\journal-1)" [_thread_blocked, id=7564, stack(0x000000ceaf800000,0x000000ceaf900000)]
  0x0000024972f91800 JavaThread "File lock request listener" [_thread_in_native, id=5756, stack(0x000000ceaf900000,0x000000ceafa00000)]
  0x0000024972f8f000 JavaThread "Cache worker for file hash cache (C:\Users\USER\Documents\fictionlog-android2\.gradle\7.4.2\caches\7.3.3\fileHashes)" [_thread_blocked, id=17464, stack(0x000000ceafa00000,0x000000ceafb00000)]

Other Threads:
  0x0000024970dcf000 VMThread "VM Thread" [stack: 0x000000ceade00000,0x000000ceadf00000] [id=13988]
  0x0000024970fca000 WatcherThread [stack: 0x000000ceae800000,0x000000ceae900000] [id=23292]
  0x00000249560cc000 GCTaskThread "GC Thread#0" [stack: 0x000000cead900000,0x000000ceada00000] [id=10224]
  0x0000024971700800 GCTaskThread "GC Thread#1" [stack: 0x000000ceaea00000,0x000000ceaeb00000] [id=23432]
  0x0000024971b28800 GCTaskThread "GC Thread#2" [stack: 0x000000ceaeb00000,0x000000ceaec00000] [id=22908]
  0x00000249719c2800 GCTaskThread "GC Thread#3" [stack: 0x000000ceaec00000,0x000000ceaed00000] [id=14944]
  0x00000249719c3000 GCTaskThread "GC Thread#4" [stack: 0x000000ceaed00000,0x000000ceaee00000] [id=22548]
  0x0000024971c67000 GCTaskThread "GC Thread#5" [stack: 0x000000ceaee00000,0x000000ceaef00000] [id=20136]
  0x0000024972ef5800 GCTaskThread "GC Thread#6" [stack: 0x000000ceafb00000,0x000000ceafc00000] [id=20904]
  0x0000024973076800 GCTaskThread "GC Thread#7" [stack: 0x000000ceafc00000,0x000000ceafd00000] [id=7216]
  0x00000249560ff800 ConcurrentGCThread "G1 Main Marker" [stack: 0x000000ceada00000,0x000000ceadb00000] [id=8988]
  0x0000024956100800 ConcurrentGCThread "G1 Conc#0" [stack: 0x000000ceadb00000,0x000000ceadc00000] [id=6240]
  0x0000024972e82000 ConcurrentGCThread "G1 Conc#1" [stack: 0x000000ceafd00000,0x000000ceafe00000] [id=16472]
  0x000002495618e000 ConcurrentGCThread "G1 Refine#0" [stack: 0x000000ceadc00000,0x000000ceadd00000] [id=17336]
  0x000002497041c800 ConcurrentGCThread "G1 Young RemSet Sampling" [stack: 0x000000ceadd00000,0x000000ceade00000] [id=16728]

Threads with active compile tasks:
C2 CompilerThread0     2761 1971   !   4       java.lang.ClassLoader::loadClass (122 bytes)

VM state:not at safepoint (normal execution)

VM Mutex/Monitor currently owned by a thread: None

Heap address: 0x0000000080000000, size: 2048 MB, Compressed Oops mode: 32-bit
Narrow klass base: 0x0000000000000000, Narrow klass shift: 3
Compressed class space size: 1073741824 Address: 0x0000000100000000

Heap:
 garbage-first heap   total 260096K, used 42548K [0x0000000080000000, 0x0000000100000000)
  region size 1024K, 37 young (37888K), 11 survivors (11264K)
 Metaspace       used 23197K, capacity 23704K, committed 23856K, reserved 1071104K
  class space    used 2909K, capacity 3099K, committed 3200K, reserved 1048576K
Heap Regions: E=young(eden), S=young(survivor), O=old, HS=humongous(starts), HC=humongous(continues), CS=collection set, F=free, A=archive, TAMS=top-at-mark-start (previous, next)
|   0|0x0000000080000000, 0x0000000080000000, 0x0000000080100000|  0%| F|  |TAMS 0x0000000080000000, 0x0000000080000000| Untracked 
|   1|0x0000000080100000, 0x0000000080100000, 0x0000000080200000|  0%| F|  |TAMS 0x0000000080100000, 0x0000000080100000| Untracked 
|   2|0x0000000080200000, 0x0000000080200000, 0x0000000080300000|  0%| F|  |TAMS 0x0000000080200000, 0x0000000080200000| Untracked 
|   3|0x0000000080300000, 0x0000000080400000, 0x0000000080400000|100%|HS|  |TAMS 0x0000000080400000, 0x0000000080300000| Complete 
|   4|0x0000000080400000, 0x0000000080500000, 0x0000000080500000|100%|HC|  |TAMS 0x0000000080500000, 0x0000000080400000| Complete 
|   5|0x0000000080500000, 0x0000000080600000, 0x0000000080600000|100%|HC|  |TAMS 0x0000000080600000, 0x0000000080500000| Complete 
|   6|0x0000000080600000, 0x0000000080700000, 0x0000000080700000|100%| O|  |TAMS 0x0000000080700000, 0x0000000080600000| Untracked 
|   7|0x0000000080700000, 0x0000000080800000, 0x0000000080800000|100%| O|  |TAMS 0x0000000080800000, 0x0000000080700000| Untracked 
|   8|0x0000000080800000, 0x00000000808f4400, 0x0000000080900000| 95%| O|  |TAMS 0x00000000808f4400, 0x0000000080800000| Untracked 
|   9|0x0000000080900000, 0x0000000080900000, 0x0000000080a00000|  0%| F|  |TAMS 0x0000000080900000, 0x0000000080900000| Untracked 
|  10|0x0000000080a00000, 0x0000000080a00000, 0x0000000080b00000|  0%| F|  |TAMS 0x0000000080a00000, 0x0000000080a00000| Untracked 
|  11|0x0000000080b00000, 0x0000000080b00000, 0x0000000080c00000|  0%| F|  |TAMS 0x0000000080b00000, 0x0000000080b00000| Untracked 
|  12|0x0000000080c00000, 0x0000000080c00000, 0x0000000080d00000|  0%| F|  |TAMS 0x0000000080c00000, 0x0000000080c00000| Untracked 
|  13|0x0000000080d00000, 0x0000000080d00000, 0x0000000080e00000|  0%| F|  |TAMS 0x0000000080d00000, 0x0000000080d00000| Untracked 
|  14|0x0000000080e00000, 0x0000000080e00000, 0x0000000080f00000|  0%| F|  |TAMS 0x0000000080e00000, 0x0000000080e00000| Untracked 
|  15|0x0000000080f00000, 0x0000000080f00000, 0x0000000081000000|  0%| F|  |TAMS 0x0000000080f00000, 0x0000000080f00000| Untracked 
|  16|0x0000000081000000, 0x0000000081000000, 0x0000000081100000|  0%| F|  |TAMS 0x0000000081000000, 0x0000000081000000| Untracked 
|  17|0x0000000081100000, 0x0000000081100000, 0x0000000081200000|  0%| F|  |TAMS 0x0000000081100000, 0x0000000081100000| Untracked 
|  18|0x0000000081200000, 0x0000000081200000, 0x0000000081300000|  0%| F|  |TAMS 0x0000000081200000, 0x0000000081200000| Untracked 
|  19|0x0000000081300000, 0x0000000081300000, 0x0000000081400000|  0%| F|  |TAMS 0x0000000081300000, 0x0000000081300000| Untracked 
|  20|0x0000000081400000, 0x0000000081400000, 0x0000000081500000|  0%| F|  |TAMS 0x0000000081400000, 0x0000000081400000| Untracked 
|  21|0x0000000081500000, 0x0000000081500000, 0x0000000081600000|  0%| F|  |TAMS 0x0000000081500000, 0x0000000081500000| Untracked 
|  22|0x0000000081600000, 0x0000000081600000, 0x0000000081700000|  0%| F|  |TAMS 0x0000000081600000, 0x0000000081600000| Untracked 
|  23|0x0000000081700000, 0x0000000081700000, 0x0000000081800000|  0%| F|  |TAMS 0x0000000081700000, 0x0000000081700000| Untracked 
|  24|0x0000000081800000, 0x0000000081800000, 0x0000000081900000|  0%| F|  |TAMS 0x0000000081800000, 0x0000000081800000| Untracked 
|  25|0x0000000081900000, 0x0000000081900000, 0x0000000081a00000|  0%| F|  |TAMS 0x0000000081900000, 0x0000000081900000| Untracked 
|  26|0x0000000081a00000, 0x0000000081a00000, 0x0000000081b00000|  0%| F|  |TAMS 0x0000000081a00000, 0x0000000081a00000| Untracked 
|  27|0x0000000081b00000, 0x0000000081b00000, 0x0000000081c00000|  0%| F|  |TAMS 0x0000000081b00000, 0x0000000081b00000| Untracked 
|  28|0x0000000081c00000, 0x0000000081c00000, 0x0000000081d00000|  0%| F|  |TAMS 0x0000000081c00000, 0x0000000081c00000| Untracked 
|  29|0x0000000081d00000, 0x0000000081d00000, 0x0000000081e00000|  0%| F|  |TAMS 0x0000000081d00000, 0x0000000081d00000| Untracked 
|  30|0x0000000081e00000, 0x0000000081e00000, 0x0000000081f00000|  0%| F|  |TAMS 0x0000000081e00000, 0x0000000081e00000| Untracked 
|  31|0x0000000081f00000, 0x0000000081f00000, 0x0000000082000000|  0%| F|  |TAMS 0x0000000081f00000, 0x0000000081f00000| Untracked 
|  32|0x0000000082000000, 0x0000000082000000, 0x0000000082100000|  0%| F|  |TAMS 0x0000000082000000, 0x0000000082000000| Untracked 
|  33|0x0000000082100000, 0x0000000082100000, 0x0000000082200000|  0%| F|  |TAMS 0x0000000082100000, 0x0000000082100000| Untracked 
|  34|0x0000000082200000, 0x0000000082200000, 0x0000000082300000|  0%| F|  |TAMS 0x0000000082200000, 0x0000000082200000| Untracked 
|  35|0x0000000082300000, 0x0000000082300000, 0x0000000082400000|  0%| F|  |TAMS 0x0000000082300000, 0x0000000082300000| Untracked 
|  36|0x0000000082400000, 0x0000000082400000, 0x0000000082500000|  0%| F|  |TAMS 0x0000000082400000, 0x0000000082400000| Untracked 
|  37|0x0000000082500000, 0x0000000082500000, 0x0000000082600000|  0%| F|  |TAMS 0x0000000082500000, 0x0000000082500000| Untracked 
|  38|0x0000000082600000, 0x0000000082600000, 0x0000000082700000|  0%| F|  |TAMS 0x0000000082600000, 0x0000000082600000| Untracked 
|  39|0x0000000082700000, 0x0000000082700000, 0x0000000082800000|  0%| F|  |TAMS 0x0000000082700000, 0x0000000082700000| Untracked 
|  40|0x0000000082800000, 0x0000000082800000, 0x0000000082900000|  0%| F|  |TAMS 0x0000000082800000, 0x0000000082800000| Untracked 
|  41|0x0000000082900000, 0x0000000082900000, 0x0000000082a00000|  0%| F|  |TAMS 0x0000000082900000, 0x0000000082900000| Untracked 
|  42|0x0000000082a00000, 0x0000000082a00000, 0x0000000082b00000|  0%| F|  |TAMS 0x0000000082a00000, 0x0000000082a00000| Untracked 
|  43|0x0000000082b00000, 0x0000000082b00000, 0x0000000082c00000|  0%| F|  |TAMS 0x0000000082b00000, 0x0000000082b00000| Untracked 
|  44|0x0000000082c00000, 0x0000000082c00000, 0x0000000082d00000|  0%| F|  |TAMS 0x0000000082c00000, 0x0000000082c00000| Untracked 
|  45|0x0000000082d00000, 0x0000000082d00000, 0x0000000082e00000|  0%| F|  |TAMS 0x0000000082d00000, 0x0000000082d00000| Untracked 
|  46|0x0000000082e00000, 0x0000000082e00000, 0x0000000082f00000|  0%| F|  |TAMS 0x0000000082e00000, 0x0000000082e00000| Untracked 
|  47|0x0000000082f00000, 0x0000000082f00000, 0x0000000083000000|  0%| F|  |TAMS 0x0000000082f00000, 0x0000000082f00000| Untracked 
|  48|0x0000000083000000, 0x0000000083000000, 0x0000000083100000|  0%| F|  |TAMS 0x0000000083000000, 0x0000000083000000| Untracked 
|  49|0x0000000083100000, 0x0000000083100000, 0x0000000083200000|  0%| F|  |TAMS 0x0000000083100000, 0x0000000083100000| Untracked 
|  50|0x0000000083200000, 0x0000000083200000, 0x0000000083300000|  0%| F|  |TAMS 0x0000000083200000, 0x0000000083200000| Untracked 
|  51|0x0000000083300000, 0x0000000083300000, 0x0000000083400000|  0%| F|  |TAMS 0x0000000083300000, 0x0000000083300000| Untracked 
|  52|0x0000000083400000, 0x0000000083400000, 0x0000000083500000|  0%| F|  |TAMS 0x0000000083400000, 0x0000000083400000| Untracked 
|  53|0x0000000083500000, 0x0000000083500000, 0x0000000083600000|  0%| F|  |TAMS 0x0000000083500000, 0x0000000083500000| Untracked 
|  54|0x0000000083600000, 0x0000000083600000, 0x0000000083700000|  0%| F|  |TAMS 0x0000000083600000, 0x0000000083600000| Untracked 
|  55|0x0000000083700000, 0x0000000083700000, 0x0000000083800000|  0%| F|  |TAMS 0x0000000083700000, 0x0000000083700000| Untracked 
|  56|0x0000000083800000, 0x0000000083800000, 0x0000000083900000|  0%| F|  |TAMS 0x0000000083800000, 0x0000000083800000| Untracked 
|  57|0x0000000083900000, 0x0000000083900000, 0x0000000083a00000|  0%| F|  |TAMS 0x0000000083900000, 0x0000000083900000| Untracked 
|  58|0x0000000083a00000, 0x0000000083a00000, 0x0000000083b00000|  0%| F|  |TAMS 0x0000000083a00000, 0x0000000083a00000| Untracked 
|  59|0x0000000083b00000, 0x0000000083b00000, 0x0000000083c00000|  0%| F|  |TAMS 0x0000000083b00000, 0x0000000083b00000| Untracked 
|  60|0x0000000083c00000, 0x0000000083c00000, 0x0000000083d00000|  0%| F|  |TAMS 0x0000000083c00000, 0x0000000083c00000| Untracked 
|  61|0x0000000083d00000, 0x0000000083d00000, 0x0000000083e00000|  0%| F|  |TAMS 0x0000000083d00000, 0x0000000083d00000| Untracked 
|  62|0x0000000083e00000, 0x0000000083e00000, 0x0000000083f00000|  0%| F|  |TAMS 0x0000000083e00000, 0x0000000083e00000| Untracked 
|  63|0x0000000083f00000, 0x0000000083f00000, 0x0000000084000000|  0%| F|  |TAMS 0x0000000083f00000, 0x0000000083f00000| Untracked 
|  64|0x0000000084000000, 0x0000000084000000, 0x0000000084100000|  0%| F|  |TAMS 0x0000000084000000, 0x0000000084000000| Untracked 
|  65|0x0000000084100000, 0x0000000084100000, 0x0000000084200000|  0%| F|  |TAMS 0x0000000084100000, 0x0000000084100000| Untracked 
|  66|0x0000000084200000, 0x0000000084200000, 0x0000000084300000|  0%| F|  |TAMS 0x0000000084200000, 0x0000000084200000| Untracked 
|  67|0x0000000084300000, 0x0000000084300000, 0x0000000084400000|  0%| F|  |TAMS 0x0000000084300000, 0x0000000084300000| Untracked 
|  68|0x0000000084400000, 0x0000000084400000, 0x0000000084500000|  0%| F|  |TAMS 0x0000000084400000, 0x0000000084400000| Untracked 
|  69|0x0000000084500000, 0x0000000084500000, 0x0000000084600000|  0%| F|  |TAMS 0x0000000084500000, 0x0000000084500000| Untracked 
|  70|0x0000000084600000, 0x0000000084600000, 0x0000000084700000|  0%| F|  |TAMS 0x0000000084600000, 0x0000000084600000| Untracked 
|  71|0x0000000084700000, 0x0000000084700000, 0x0000000084800000|  0%| F|  |TAMS 0x0000000084700000, 0x0000000084700000| Untracked 
|  72|0x0000000084800000, 0x0000000084800000, 0x0000000084900000|  0%| F|  |TAMS 0x0000000084800000, 0x0000000084800000| Untracked 
|  73|0x0000000084900000, 0x0000000084900000, 0x0000000084a00000|  0%| F|  |TAMS 0x0000000084900000, 0x0000000084900000| Untracked 
|  74|0x0000000084a00000, 0x0000000084a00000, 0x0000000084b00000|  0%| F|  |TAMS 0x0000000084a00000, 0x0000000084a00000| Untracked 
|  75|0x0000000084b00000, 0x0000000084b00000, 0x0000000084c00000|  0%| F|  |TAMS 0x0000000084b00000, 0x0000000084b00000| Untracked 
|  76|0x0000000084c00000, 0x0000000084c00000, 0x0000000084d00000|  0%| F|  |TAMS 0x0000000084c00000, 0x0000000084c00000| Untracked 
|  77|0x0000000084d00000, 0x0000000084d00000, 0x0000000084e00000|  0%| F|  |TAMS 0x0000000084d00000, 0x0000000084d00000| Untracked 
|  78|0x0000000084e00000, 0x0000000084e00000, 0x0000000084f00000|  0%| F|  |TAMS 0x0000000084e00000, 0x0000000084e00000| Untracked 
|  79|0x0000000084f00000, 0x0000000084f00000, 0x0000000085000000|  0%| F|  |TAMS 0x0000000084f00000, 0x0000000084f00000| Untracked 
|  80|0x0000000085000000, 0x0000000085000000, 0x0000000085100000|  0%| F|  |TAMS 0x0000000085000000, 0x0000000085000000| Untracked 
|  81|0x0000000085100000, 0x0000000085100000, 0x0000000085200000|  0%| F|  |TAMS 0x0000000085100000, 0x0000000085100000| Untracked 
|  82|0x0000000085200000, 0x0000000085200000, 0x0000000085300000|  0%| F|  |TAMS 0x0000000085200000, 0x0000000085200000| Untracked 
|  83|0x0000000085300000, 0x0000000085300000, 0x0000000085400000|  0%| F|  |TAMS 0x0000000085300000, 0x0000000085300000| Untracked 
|  84|0x0000000085400000, 0x0000000085400000, 0x0000000085500000|  0%| F|  |TAMS 0x0000000085400000, 0x0000000085400000| Untracked 
|  85|0x0000000085500000, 0x0000000085500000, 0x0000000085600000|  0%| F|  |TAMS 0x0000000085500000, 0x0000000085500000| Untracked 
|  86|0x0000000085600000, 0x0000000085600000, 0x0000000085700000|  0%| F|  |TAMS 0x0000000085600000, 0x0000000085600000| Untracked 
|  87|0x0000000085700000, 0x0000000085700000, 0x0000000085800000|  0%| F|  |TAMS 0x0000000085700000, 0x0000000085700000| Untracked 
|  88|0x0000000085800000, 0x0000000085800000, 0x0000000085900000|  0%| F|  |TAMS 0x0000000085800000, 0x0000000085800000| Untracked 
|  89|0x0000000085900000, 0x0000000085900000, 0x0000000085a00000|  0%| F|  |TAMS 0x0000000085900000, 0x0000000085900000| Untracked 
|  90|0x0000000085a00000, 0x0000000085a00000, 0x0000000085b00000|  0%| F|  |TAMS 0x0000000085a00000, 0x0000000085a00000| Untracked 
|  91|0x0000000085b00000, 0x0000000085b00000, 0x0000000085c00000|  0%| F|  |TAMS 0x0000000085b00000, 0x0000000085b00000| Untracked 
|  92|0x0000000085c00000, 0x0000000085c00000, 0x0000000085d00000|  0%| F|  |TAMS 0x0000000085c00000, 0x0000000085c00000| Untracked 
|  93|0x0000000085d00000, 0x0000000085d00000, 0x0000000085e00000|  0%| F|  |TAMS 0x0000000085d00000, 0x0000000085d00000| Untracked 
|  94|0x0000000085e00000, 0x0000000085e00000, 0x0000000085f00000|  0%| F|  |TAMS 0x0000000085e00000, 0x0000000085e00000| Untracked 
|  95|0x0000000085f00000, 0x0000000085f00000, 0x0000000086000000|  0%| F|  |TAMS 0x0000000085f00000, 0x0000000085f00000| Untracked 
|  96|0x0000000086000000, 0x0000000086000000, 0x0000000086100000|  0%| F|  |TAMS 0x0000000086000000, 0x0000000086000000| Untracked 
|  97|0x0000000086100000, 0x0000000086100000, 0x0000000086200000|  0%| F|  |TAMS 0x0000000086100000, 0x0000000086100000| Untracked 
|  98|0x0000000086200000, 0x0000000086200000, 0x0000000086300000|  0%| F|  |TAMS 0x0000000086200000, 0x0000000086200000| Untracked 
|  99|0x0000000086300000, 0x0000000086300000, 0x0000000086400000|  0%| F|  |TAMS 0x0000000086300000, 0x0000000086300000| Untracked 
| 100|0x0000000086400000, 0x0000000086400000, 0x0000000086500000|  0%| F|  |TAMS 0x0000000086400000, 0x0000000086400000| Untracked 
| 101|0x0000000086500000, 0x0000000086500000, 0x0000000086600000|  0%| F|  |TAMS 0x0000000086500000, 0x0000000086500000| Untracked 
| 102|0x0000000086600000, 0x0000000086600000, 0x0000000086700000|  0%| F|  |TAMS 0x0000000086600000, 0x0000000086600000| Untracked 
| 103|0x0000000086700000, 0x0000000086700000, 0x0000000086800000|  0%| F|  |TAMS 0x0000000086700000, 0x0000000086700000| Untracked 
| 104|0x0000000086800000, 0x0000000086800000, 0x0000000086900000|  0%| F|  |TAMS 0x0000000086800000, 0x0000000086800000| Untracked 
| 105|0x0000000086900000, 0x0000000086900000, 0x0000000086a00000|  0%| F|  |TAMS 0x0000000086900000, 0x0000000086900000| Untracked 
| 106|0x0000000086a00000, 0x0000000086a00000, 0x0000000086b00000|  0%| F|  |TAMS 0x0000000086a00000, 0x0000000086a00000| Untracked 
| 107|0x0000000086b00000, 0x0000000086b00000, 0x0000000086c00000|  0%| F|  |TAMS 0x0000000086b00000, 0x0000000086b00000| Untracked 
| 108|0x0000000086c00000, 0x0000000086c00000, 0x0000000086d00000|  0%| F|  |TAMS 0x0000000086c00000, 0x0000000086c00000| Untracked 
| 109|0x0000000086d00000, 0x0000000086d00000, 0x0000000086e00000|  0%| F|  |TAMS 0x0000000086d00000, 0x0000000086d00000| Untracked 
| 110|0x0000000086e00000, 0x0000000086e00000, 0x0000000086f00000|  0%| F|  |TAMS 0x0000000086e00000, 0x0000000086e00000| Untracked 
| 111|0x0000000086f00000, 0x0000000086f00000, 0x0000000087000000|  0%| F|  |TAMS 0x0000000086f00000, 0x0000000086f00000| Untracked 
| 112|0x0000000087000000, 0x0000000087000000, 0x0000000087100000|  0%| F|  |TAMS 0x0000000087000000, 0x0000000087000000| Untracked 
| 113|0x0000000087100000, 0x0000000087100000, 0x0000000087200000|  0%| F|  |TAMS 0x0000000087100000, 0x0000000087100000| Untracked 
| 114|0x0000000087200000, 0x0000000087200000, 0x0000000087300000|  0%| F|  |TAMS 0x0000000087200000, 0x0000000087200000| Untracked 
| 115|0x0000000087300000, 0x0000000087300000, 0x0000000087400000|  0%| F|  |TAMS 0x0000000087300000, 0x0000000087300000| Untracked 
| 116|0x0000000087400000, 0x0000000087400000, 0x0000000087500000|  0%| F|  |TAMS 0x0000000087400000, 0x0000000087400000| Untracked 
| 117|0x0000000087500000, 0x0000000087500000, 0x0000000087600000|  0%| F|  |TAMS 0x0000000087500000, 0x0000000087500000| Untracked 
| 118|0x0000000087600000, 0x0000000087600000, 0x0000000087700000|  0%| F|  |TAMS 0x0000000087600000, 0x0000000087600000| Untracked 
| 119|0x0000000087700000, 0x0000000087700000, 0x0000000087800000|  0%| F|  |TAMS 0x0000000087700000, 0x0000000087700000| Untracked 
| 120|0x0000000087800000, 0x0000000087800000, 0x0000000087900000|  0%| F|  |TAMS 0x0000000087800000, 0x0000000087800000| Untracked 
| 121|0x0000000087900000, 0x0000000087900000, 0x0000000087a00000|  0%| F|  |TAMS 0x0000000087900000, 0x0000000087900000| Untracked 
| 122|0x0000000087a00000, 0x0000000087a00000, 0x0000000087b00000|  0%| F|  |TAMS 0x0000000087a00000, 0x0000000087a00000| Untracked 
| 123|0x0000000087b00000, 0x0000000087b00000, 0x0000000087c00000|  0%| F|  |TAMS 0x0000000087b00000, 0x0000000087b00000| Untracked 
| 124|0x0000000087c00000, 0x0000000087c00000, 0x0000000087d00000|  0%| F|  |TAMS 0x0000000087c00000, 0x0000000087c00000| Untracked 
| 125|0x0000000087d00000, 0x0000000087d00000, 0x0000000087e00000|  0%| F|  |TAMS 0x0000000087d00000, 0x0000000087d00000| Untracked 
| 126|0x0000000087e00000, 0x0000000087e00000, 0x0000000087f00000|  0%| F|  |TAMS 0x0000000087e00000, 0x0000000087e00000| Untracked 
| 127|0x0000000087f00000, 0x0000000087f00000, 0x0000000088000000|  0%| F|  |TAMS 0x0000000087f00000, 0x0000000087f00000| Untracked 
| 128|0x0000000088000000, 0x0000000088000000, 0x0000000088100000|  0%| F|  |TAMS 0x0000000088000000, 0x0000000088000000| Untracked 
| 129|0x0000000088100000, 0x0000000088100000, 0x0000000088200000|  0%| F|  |TAMS 0x0000000088100000, 0x0000000088100000| Untracked 
| 130|0x0000000088200000, 0x0000000088200000, 0x0000000088300000|  0%| F|  |TAMS 0x0000000088200000, 0x0000000088200000| Untracked 
| 131|0x0000000088300000, 0x0000000088300000, 0x0000000088400000|  0%| F|  |TAMS 0x0000000088300000, 0x0000000088300000| Untracked 
| 132|0x0000000088400000, 0x0000000088400000, 0x0000000088500000|  0%| F|  |TAMS 0x0000000088400000, 0x0000000088400000| Untracked 
| 133|0x0000000088500000, 0x0000000088500000, 0x0000000088600000|  0%| F|  |TAMS 0x0000000088500000, 0x0000000088500000| Untracked 
| 134|0x0000000088600000, 0x0000000088600000, 0x0000000088700000|  0%| F|  |TAMS 0x0000000088600000, 0x0000000088600000| Untracked 
| 135|0x0000000088700000, 0x0000000088700000, 0x0000000088800000|  0%| F|  |TAMS 0x0000000088700000, 0x0000000088700000| Untracked 
| 136|0x0000000088800000, 0x0000000088800000, 0x0000000088900000|  0%| F|  |TAMS 0x0000000088800000, 0x0000000088800000| Untracked 
| 137|0x0000000088900000, 0x0000000088900000, 0x0000000088a00000|  0%| F|  |TAMS 0x0000000088900000, 0x0000000088900000| Untracked 
| 138|0x0000000088a00000, 0x0000000088a00000, 0x0000000088b00000|  0%| F|  |TAMS 0x0000000088a00000, 0x0000000088a00000| Untracked 
| 139|0x0000000088b00000, 0x0000000088b00000, 0x0000000088c00000|  0%| F|  |TAMS 0x0000000088b00000, 0x0000000088b00000| Untracked 
| 140|0x0000000088c00000, 0x0000000088c00000, 0x0000000088d00000|  0%| F|  |TAMS 0x0000000088c00000, 0x0000000088c00000| Untracked 
| 141|0x0000000088d00000, 0x0000000088d98f80, 0x0000000088e00000| 59%| S|CS|TAMS 0x0000000088d00000, 0x0000000088d00000| Complete 
| 142|0x0000000088e00000, 0x0000000088f00000, 0x0000000088f00000|100%| S|CS|TAMS 0x0000000088e00000, 0x0000000088e00000| Complete 
| 143|0x0000000088f00000, 0x0000000089000000, 0x0000000089000000|100%| S|CS|TAMS 0x0000000088f00000, 0x0000000088f00000| Complete 
| 144|0x0000000089000000, 0x0000000089100000, 0x0000000089100000|100%| S|CS|TAMS 0x0000000089000000, 0x0000000089000000| Complete 
| 145|0x0000000089100000, 0x0000000089200000, 0x0000000089200000|100%| S|CS|TAMS 0x0000000089100000, 0x0000000089100000| Complete 
| 146|0x0000000089200000, 0x0000000089300000, 0x0000000089300000|100%| S|CS|TAMS 0x0000000089200000, 0x0000000089200000| Complete 
| 147|0x0000000089300000, 0x0000000089400000, 0x0000000089400000|100%| S|CS|TAMS 0x0000000089300000, 0x0000000089300000| Complete 
| 148|0x0000000089400000, 0x0000000089500000, 0x0000000089500000|100%| S|CS|TAMS 0x0000000089400000, 0x0000000089400000| Complete 
| 149|0x0000000089500000, 0x0000000089600000, 0x0000000089600000|100%| S|CS|TAMS 0x0000000089500000, 0x0000000089500000| Complete 
| 150|0x0000000089600000, 0x0000000089700000, 0x0000000089700000|100%| S|CS|TAMS 0x0000000089600000, 0x0000000089600000| Complete 
| 151|0x0000000089700000, 0x0000000089800000, 0x0000000089800000|100%| S|CS|TAMS 0x0000000089700000, 0x0000000089700000| Complete 
| 152|0x0000000089800000, 0x0000000089800000, 0x0000000089900000|  0%| F|  |TAMS 0x0000000089800000, 0x0000000089800000| Untracked 
| 153|0x0000000089900000, 0x0000000089900000, 0x0000000089a00000|  0%| F|  |TAMS 0x0000000089900000, 0x0000000089900000| Untracked 
| 154|0x0000000089a00000, 0x0000000089a00000, 0x0000000089b00000|  0%| F|  |TAMS 0x0000000089a00000, 0x0000000089a00000| Untracked 
| 155|0x0000000089b00000, 0x0000000089b00000, 0x0000000089c00000|  0%| F|  |TAMS 0x0000000089b00000, 0x0000000089b00000| Untracked 
| 156|0x0000000089c00000, 0x0000000089c00000, 0x0000000089d00000|  0%| F|  |TAMS 0x0000000089c00000, 0x0000000089c00000| Untracked 
| 157|0x0000000089d00000, 0x0000000089d00000, 0x0000000089e00000|  0%| F|  |TAMS 0x0000000089d00000, 0x0000000089d00000| Untracked 
| 158|0x0000000089e00000, 0x0000000089e00000, 0x0000000089f00000|  0%| F|  |TAMS 0x0000000089e00000, 0x0000000089e00000| Untracked 
| 159|0x0000000089f00000, 0x0000000089f00000, 0x000000008a000000|  0%| F|  |TAMS 0x0000000089f00000, 0x0000000089f00000| Untracked 
| 160|0x000000008a000000, 0x000000008a000000, 0x000000008a100000|  0%| F|  |TAMS 0x000000008a000000, 0x000000008a000000| Untracked 
| 161|0x000000008a100000, 0x000000008a100000, 0x000000008a200000|  0%| F|  |TAMS 0x000000008a100000, 0x000000008a100000| Untracked 
| 162|0x000000008a200000, 0x000000008a200000, 0x000000008a300000|  0%| F|  |TAMS 0x000000008a200000, 0x000000008a200000| Untracked 
| 163|0x000000008a300000, 0x000000008a300000, 0x000000008a400000|  0%| F|  |TAMS 0x000000008a300000, 0x000000008a300000| Untracked 
| 164|0x000000008a400000, 0x000000008a400000, 0x000000008a500000|  0%| F|  |TAMS 0x000000008a400000, 0x000000008a400000| Untracked 
| 165|0x000000008a500000, 0x000000008a500000, 0x000000008a600000|  0%| F|  |TAMS 0x000000008a500000, 0x000000008a500000| Untracked 
| 166|0x000000008a600000, 0x000000008a600000, 0x000000008a700000|  0%| F|  |TAMS 0x000000008a600000, 0x000000008a600000| Untracked 
| 167|0x000000008a700000, 0x000000008a700000, 0x000000008a800000|  0%| F|  |TAMS 0x000000008a700000, 0x000000008a700000| Untracked 
| 168|0x000000008a800000, 0x000000008a800000, 0x000000008a900000|  0%| F|  |TAMS 0x000000008a800000, 0x000000008a800000| Untracked 
| 169|0x000000008a900000, 0x000000008a900000, 0x000000008aa00000|  0%| F|  |TAMS 0x000000008a900000, 0x000000008a900000| Untracked 
| 170|0x000000008aa00000, 0x000000008aa00000, 0x000000008ab00000|  0%| F|  |TAMS 0x000000008aa00000, 0x000000008aa00000| Untracked 
| 171|0x000000008ab00000, 0x000000008ab00000, 0x000000008ac00000|  0%| F|  |TAMS 0x000000008ab00000, 0x000000008ab00000| Untracked 
| 172|0x000000008ac00000, 0x000000008ac00000, 0x000000008ad00000|  0%| F|  |TAMS 0x000000008ac00000, 0x000000008ac00000| Untracked 
| 173|0x000000008ad00000, 0x000000008ad00000, 0x000000008ae00000|  0%| F|  |TAMS 0x000000008ad00000, 0x000000008ad00000| Untracked 
| 174|0x000000008ae00000, 0x000000008ae00000, 0x000000008af00000|  0%| F|  |TAMS 0x000000008ae00000, 0x000000008ae00000| Untracked 
| 175|0x000000008af00000, 0x000000008af00000, 0x000000008b000000|  0%| F|  |TAMS 0x000000008af00000, 0x000000008af00000| Untracked 
| 176|0x000000008b000000, 0x000000008b000000, 0x000000008b100000|  0%| F|  |TAMS 0x000000008b000000, 0x000000008b000000| Untracked 
| 177|0x000000008b100000, 0x000000008b100000, 0x000000008b200000|  0%| F|  |TAMS 0x000000008b100000, 0x000000008b100000| Untracked 
| 178|0x000000008b200000, 0x000000008b200000, 0x000000008b300000|  0%| F|  |TAMS 0x000000008b200000, 0x000000008b200000| Untracked 
| 179|0x000000008b300000, 0x000000008b300000, 0x000000008b400000|  0%| F|  |TAMS 0x000000008b300000, 0x000000008b300000| Untracked 
| 180|0x000000008b400000, 0x000000008b400000, 0x000000008b500000|  0%| F|  |TAMS 0x000000008b400000, 0x000000008b400000| Untracked 
| 181|0x000000008b500000, 0x000000008b500000, 0x000000008b600000|  0%| F|  |TAMS 0x000000008b500000, 0x000000008b500000| Untracked 
| 182|0x000000008b600000, 0x000000008b600000, 0x000000008b700000|  0%| F|  |TAMS 0x000000008b600000, 0x000000008b600000| Untracked 
| 183|0x000000008b700000, 0x000000008b700000, 0x000000008b800000|  0%| F|  |TAMS 0x000000008b700000, 0x000000008b700000| Untracked 
| 184|0x000000008b800000, 0x000000008b800000, 0x000000008b900000|  0%| F|  |TAMS 0x000000008b800000, 0x000000008b800000| Untracked 
| 185|0x000000008b900000, 0x000000008b900000, 0x000000008ba00000|  0%| F|  |TAMS 0x000000008b900000, 0x000000008b900000| Untracked 
| 186|0x000000008ba00000, 0x000000008ba00000, 0x000000008bb00000|  0%| F|  |TAMS 0x000000008ba00000, 0x000000008ba00000| Untracked 
| 187|0x000000008bb00000, 0x000000008bb00000, 0x000000008bc00000|  0%| F|  |TAMS 0x000000008bb00000, 0x000000008bb00000| Untracked 
| 188|0x000000008bc00000, 0x000000008bc00000, 0x000000008bd00000|  0%| F|  |TAMS 0x000000008bc00000, 0x000000008bc00000| Untracked 
| 189|0x000000008bd00000, 0x000000008bd00000, 0x000000008be00000|  0%| F|  |TAMS 0x000000008bd00000, 0x000000008bd00000| Untracked 
| 190|0x000000008be00000, 0x000000008be00000, 0x000000008bf00000|  0%| F|  |TAMS 0x000000008be00000, 0x000000008be00000| Untracked 
| 191|0x000000008bf00000, 0x000000008bf00000, 0x000000008c000000|  0%| F|  |TAMS 0x000000008bf00000, 0x000000008bf00000| Untracked 
| 192|0x000000008c000000, 0x000000008c000000, 0x000000008c100000|  0%| F|  |TAMS 0x000000008c000000, 0x000000008c000000| Untracked 
| 193|0x000000008c100000, 0x000000008c100000, 0x000000008c200000|  0%| F|  |TAMS 0x000000008c100000, 0x000000008c100000| Untracked 
| 194|0x000000008c200000, 0x000000008c200000, 0x000000008c300000|  0%| F|  |TAMS 0x000000008c200000, 0x000000008c200000| Untracked 
| 195|0x000000008c300000, 0x000000008c300000, 0x000000008c400000|  0%| F|  |TAMS 0x000000008c300000, 0x000000008c300000| Untracked 
| 196|0x000000008c400000, 0x000000008c400000, 0x000000008c500000|  0%| F|  |TAMS 0x000000008c400000, 0x000000008c400000| Untracked 
| 197|0x000000008c500000, 0x000000008c500000, 0x000000008c600000|  0%| F|  |TAMS 0x000000008c500000, 0x000000008c500000| Untracked 
| 198|0x000000008c600000, 0x000000008c600000, 0x000000008c700000|  0%| F|  |TAMS 0x000000008c600000, 0x000000008c600000| Untracked 
| 199|0x000000008c700000, 0x000000008c700000, 0x000000008c800000|  0%| F|  |TAMS 0x000000008c700000, 0x000000008c700000| Untracked 
| 200|0x000000008c800000, 0x000000008c800000, 0x000000008c900000|  0%| F|  |TAMS 0x000000008c800000, 0x000000008c800000| Untracked 
| 201|0x000000008c900000, 0x000000008c900000, 0x000000008ca00000|  0%| F|  |TAMS 0x000000008c900000, 0x000000008c900000| Untracked 
| 202|0x000000008ca00000, 0x000000008ca00000, 0x000000008cb00000|  0%| F|  |TAMS 0x000000008ca00000, 0x000000008ca00000| Untracked 
| 203|0x000000008cb00000, 0x000000008cb00000, 0x000000008cc00000|  0%| F|  |TAMS 0x000000008cb00000, 0x000000008cb00000| Untracked 
| 204|0x000000008cc00000, 0x000000008cc00000, 0x000000008cd00000|  0%| F|  |TAMS 0x000000008cc00000, 0x000000008cc00000| Untracked 
| 205|0x000000008cd00000, 0x000000008cd00000, 0x000000008ce00000|  0%| F|  |TAMS 0x000000008cd00000, 0x000000008cd00000| Untracked 
| 206|0x000000008ce00000, 0x000000008ce00000, 0x000000008cf00000|  0%| F|  |TAMS 0x000000008ce00000, 0x000000008ce00000| Untracked 
| 207|0x000000008cf00000, 0x000000008cf00000, 0x000000008d000000|  0%| F|  |TAMS 0x000000008cf00000, 0x000000008cf00000| Untracked 
| 208|0x000000008d000000, 0x000000008d000000, 0x000000008d100000|  0%| F|  |TAMS 0x000000008d000000, 0x000000008d000000| Untracked 
| 209|0x000000008d100000, 0x000000008d100000, 0x000000008d200000|  0%| F|  |TAMS 0x000000008d100000, 0x000000008d100000| Untracked 
| 210|0x000000008d200000, 0x000000008d200000, 0x000000008d300000|  0%| F|  |TAMS 0x000000008d200000, 0x000000008d200000| Untracked 
| 211|0x000000008d300000, 0x000000008d300000, 0x000000008d400000|  0%| F|  |TAMS 0x000000008d300000, 0x000000008d300000| Untracked 
| 212|0x000000008d400000, 0x000000008d400000, 0x000000008d500000|  0%| F|  |TAMS 0x000000008d400000, 0x000000008d400000| Untracked 
| 213|0x000000008d500000, 0x000000008d500000, 0x000000008d600000|  0%| F|  |TAMS 0x000000008d500000, 0x000000008d500000| Untracked 
| 214|0x000000008d600000, 0x000000008d600000, 0x000000008d700000|  0%| F|  |TAMS 0x000000008d600000, 0x000000008d600000| Untracked 
| 215|0x000000008d700000, 0x000000008d700000, 0x000000008d800000|  0%| F|  |TAMS 0x000000008d700000, 0x000000008d700000| Untracked 
| 216|0x000000008d800000, 0x000000008d800000, 0x000000008d900000|  0%| F|  |TAMS 0x000000008d800000, 0x000000008d800000| Untracked 
| 217|0x000000008d900000, 0x000000008d900000, 0x000000008da00000|  0%| F|  |TAMS 0x000000008d900000, 0x000000008d900000| Untracked 
| 218|0x000000008da00000, 0x000000008da00000, 0x000000008db00000|  0%| F|  |TAMS 0x000000008da00000, 0x000000008da00000| Untracked 
| 219|0x000000008db00000, 0x000000008db00000, 0x000000008dc00000|  0%| F|  |TAMS 0x000000008db00000, 0x000000008db00000| Untracked 
| 220|0x000000008dc00000, 0x000000008dc00000, 0x000000008dd00000|  0%| F|  |TAMS 0x000000008dc00000, 0x000000008dc00000| Untracked 
| 221|0x000000008dd00000, 0x000000008dd00000, 0x000000008de00000|  0%| F|  |TAMS 0x000000008dd00000, 0x000000008dd00000| Untracked 
| 222|0x000000008de00000, 0x000000008de00000, 0x000000008df00000|  0%| F|  |TAMS 0x000000008de00000, 0x000000008de00000| Untracked 
| 223|0x000000008df00000, 0x000000008df00000, 0x000000008e000000|  0%| F|  |TAMS 0x000000008df00000, 0x000000008df00000| Untracked 
| 224|0x000000008e000000, 0x000000008e000000, 0x000000008e100000|  0%| F|  |TAMS 0x000000008e000000, 0x000000008e000000| Untracked 
| 225|0x000000008e100000, 0x000000008e100000, 0x000000008e200000|  0%| F|  |TAMS 0x000000008e100000, 0x000000008e100000| Untracked 
| 226|0x000000008e200000, 0x000000008e200000, 0x000000008e300000|  0%| F|  |TAMS 0x000000008e200000, 0x000000008e200000| Untracked 
| 227|0x000000008e300000, 0x000000008e380800, 0x000000008e400000| 50%| E|  |TAMS 0x000000008e300000, 0x000000008e300000| Complete 
| 228|0x000000008e400000, 0x000000008e500000, 0x000000008e500000|100%| E|CS|TAMS 0x000000008e400000, 0x000000008e400000| Complete 
| 229|0x000000008e500000, 0x000000008e600000, 0x000000008e600000|100%| E|CS|TAMS 0x000000008e500000, 0x000000008e500000| Complete 
| 230|0x000000008e600000, 0x000000008e700000, 0x000000008e700000|100%| E|CS|TAMS 0x000000008e600000, 0x000000008e600000| Complete 
| 231|0x000000008e700000, 0x000000008e800000, 0x000000008e800000|100%| E|CS|TAMS 0x000000008e700000, 0x000000008e700000| Complete 
| 232|0x000000008e800000, 0x000000008e900000, 0x000000008e900000|100%| E|CS|TAMS 0x000000008e800000, 0x000000008e800000| Complete 
| 233|0x000000008e900000, 0x000000008ea00000, 0x000000008ea00000|100%| E|CS|TAMS 0x000000008e900000, 0x000000008e900000| Complete 
| 234|0x000000008ea00000, 0x000000008eb00000, 0x000000008eb00000|100%| E|CS|TAMS 0x000000008ea00000, 0x000000008ea00000| Complete 
| 235|0x000000008eb00000, 0x000000008ec00000, 0x000000008ec00000|100%| E|CS|TAMS 0x000000008eb00000, 0x000000008eb00000| Complete 
| 236|0x000000008ec00000, 0x000000008ed00000, 0x000000008ed00000|100%| E|CS|TAMS 0x000000008ec00000, 0x000000008ec00000| Complete 
| 237|0x000000008ed00000, 0x000000008ee00000, 0x000000008ee00000|100%| E|CS|TAMS 0x000000008ed00000, 0x000000008ed00000| Complete 
| 238|0x000000008ee00000, 0x000000008ef00000, 0x000000008ef00000|100%| E|CS|TAMS 0x000000008ee00000, 0x000000008ee00000| Complete 
| 239|0x000000008ef00000, 0x000000008f000000, 0x000000008f000000|100%| E|CS|TAMS 0x000000008ef00000, 0x000000008ef00000| Complete 
| 240|0x000000008f000000, 0x000000008f100000, 0x000000008f100000|100%| E|CS|TAMS 0x000000008f000000, 0x000000008f000000| Complete 
| 241|0x000000008f100000, 0x000000008f200000, 0x000000008f200000|100%| E|CS|TAMS 0x000000008f100000, 0x000000008f100000| Complete 
| 242|0x000000008f200000, 0x000000008f300000, 0x000000008f300000|100%| E|CS|TAMS 0x000000008f200000, 0x000000008f200000| Complete 
| 243|0x000000008f300000, 0x000000008f400000, 0x000000008f400000|100%| E|CS|TAMS 0x000000008f300000, 0x000000008f300000| Complete 
| 244|0x000000008f400000, 0x000000008f500000, 0x000000008f500000|100%| E|CS|TAMS 0x000000008f400000, 0x000000008f400000| Complete 
| 245|0x000000008f500000, 0x000000008f600000, 0x000000008f600000|100%| E|CS|TAMS 0x000000008f500000, 0x000000008f500000| Complete 
| 246|0x000000008f600000, 0x000000008f700000, 0x000000008f700000|100%| E|CS|TAMS 0x000000008f600000, 0x000000008f600000| Complete 
| 247|0x000000008f700000, 0x000000008f800000, 0x000000008f800000|100%| E|CS|TAMS 0x000000008f700000, 0x000000008f700000| Complete 
| 248|0x000000008f800000, 0x000000008f900000, 0x000000008f900000|100%| E|CS|TAMS 0x000000008f800000, 0x000000008f800000| Complete 
| 249|0x000000008f900000, 0x000000008fa00000, 0x000000008fa00000|100%| E|CS|TAMS 0x000000008f900000, 0x000000008f900000| Complete 
| 250|0x000000008fa00000, 0x000000008fb00000, 0x000000008fb00000|100%| E|CS|TAMS 0x000000008fa00000, 0x000000008fa00000| Complete 
| 251|0x000000008fb00000, 0x000000008fc00000, 0x000000008fc00000|100%| E|CS|TAMS 0x000000008fb00000, 0x000000008fb00000| Complete 
| 252|0x000000008fc00000, 0x000000008fd00000, 0x000000008fd00000|100%| E|CS|TAMS 0x000000008fc00000, 0x000000008fc00000| Complete 
| 253|0x000000008fd00000, 0x000000008fe00000, 0x000000008fe00000|100%| E|CS|TAMS 0x000000008fd00000, 0x000000008fd00000| Complete 

Card table byte_map: [0x0000024969310000,0x0000024969710000] _byte_map_base: 0x0000024968f10000

Marking Bits (Prev, Next): (CMBitMap*) 0x00000249560f5e50, (CMBitMap*) 0x00000249560f5e18
 Prev Bits: [0x000002496bb10000, 0x000002496db10000)
 Next Bits: [0x0000024969b10000, 0x000002496bb10000)

Polling page: 0x0000024954030000

Metaspace:

Usage:
  Non-class:     20.12 MB capacity,    19.85 MB ( 99%) used,   240.88 KB (  1%) free+waste,    39.25 KB ( <1%) overhead. 
      Class:      3.06 MB capacity,     2.85 MB ( 93%) used,   194.02 KB (  6%) free+waste,    19.31 KB ( <1%) overhead. 
       Both:     23.18 MB capacity,    22.70 MB ( 98%) used,   434.89 KB (  2%) free+waste,    58.56 KB ( <1%) overhead. 

Virtual space:
  Non-class space:       22.00 MB reserved,      20.17 MB ( 92%) committed 
      Class space:        1.00 GB reserved,       3.12 MB ( <1%) committed 
             Both:        1.02 GB reserved,      23.30 MB (  2%) committed 

Chunk freelists:
   Non-Class:  51.00 KB
       Class:  5.00 KB
        Both:  56.00 KB

MaxMetaspaceSize: 17179869184.00 GB
CompressedClassSpaceSize: 1.00 GB
Initial GC threshold: 20.80 MB
Current GC threshold: 35.08 MB
CDS: off

CodeHeap 'non-profiled nmethods': size=120000Kb used=1053Kb max_used=1053Kb free=118946Kb
 bounds [0x00000249616b0000, 0x0000024961920000, 0x0000024968be0000]
CodeHeap 'profiled nmethods': size=120000Kb used=4207Kb max_used=4207Kb free=115792Kb
 bounds [0x000002495a180000, 0x000002495a5a0000, 0x00000249616b0000]
CodeHeap 'non-nmethods': size=5760Kb used=1214Kb max_used=1220Kb free=4545Kb
 bounds [0x0000024959be0000, 0x0000024959e50000, 0x000002495a180000]
 total_blobs=2491 nmethods=2005 adapters=398
 compilation: enabled
              stopped_count=0, restarted_count=0
 full_count=0

Compilation events (20 events):
Event: 2.700 Thread 0x0000024970e4a800 1980       3       java.lang.reflect.Method::hasGenericInformation (13 bytes)
Event: 2.700 Thread 0x0000024970e4a800 nmethod 1980 0x000002495a58a210 code [0x000002495a58a3c0, 0x000002495a58a538]
Event: 2.700 Thread 0x0000024970e4a800 1981       3       java.lang.reflect.Method::getGenericReturnType (20 bytes)
Event: 2.701 Thread 0x0000024970e4a800 nmethod 1981 0x000002495a58a610 code [0x000002495a58a8c0, 0x000002495a58b978]
Event: 2.701 Thread 0x0000024970e4a800 1984       3       org.gradle.internal.service.DefaultServiceRegistry$FactoryMethodService::<init> (22 bytes)
Event: 2.701 Thread 0x0000024970e4a800 nmethod 1984 0x000002495a58be90 code [0x000002495a58c0e0, 0x000002495a58cb28]
Event: 2.701 Thread 0x0000024970e4a800 1983       3       org.gradle.internal.service.AbstractServiceMethod::<init> (42 bytes)
Event: 2.703 Thread 0x0000024970e4a800 nmethod 1983 0x000002495a58ce90 code [0x000002495a58d200, 0x000002495a58ed28]
Event: 2.712 Thread 0x0000024970e4a800 1985       3       sun.reflect.generics.scope.ClassScope::make (9 bytes)
Event: 2.712 Thread 0x0000024970e4a800 nmethod 1985 0x000002495a58f510 code [0x000002495a58f6e0, 0x000002495a58f998]
Event: 2.712 Thread 0x0000024970e4a800 1986       3       sun.reflect.generics.scope.ClassScope::<init> (6 bytes)
Event: 2.712 Thread 0x0000024970e4a800 nmethod 1986 0x000002495a58fa90 code [0x000002495a58fc40, 0x000002495a58fe58]
Event: 2.724 Thread 0x0000024970e4a800 1987       3       org.gradle.internal.service.DefaultServiceRegistry$SingletonService::<init> (26 bytes)
Event: 2.724 Thread 0x0000024970e4a800 nmethod 1987 0x000002495a58ff10 code [0x000002495a590140, 0x000002495a590928]
Event: 2.724 Thread 0x0000024970e4a800 1988       3       org.gradle.internal.service.DefaultServiceRegistry$ManagedObjectServiceProvider::<init> (21 bytes)
Event: 2.724 Thread 0x0000024970e4a800 nmethod 1988 0x000002495a590b90 code [0x000002495a590d80, 0x000002495a591358]
Event: 2.726 Thread 0x0000024970e4a800 1990       3       java.util.LinkedList$ListItr::<init> (47 bytes)
Event: 2.727 Thread 0x0000024970e4a800 nmethod 1990 0x000002495a591510 code [0x000002495a5916e0, 0x000002495a5919c8]
Event: 2.729 Thread 0x0000024970e4a800 1992       3       sun.invoke.util.VerifyAccess::isTypeVisible (47 bytes)
Event: 2.729 Thread 0x0000024970e4a800 nmethod 1992 0x000002495a591b10 code [0x000002495a591d00, 0x000002495a5920d8]

GC Heap History (4 events):
Event: 0.657 GC heap before
{Heap before GC invocations=0 (full 0):
 garbage-first heap   total 260096K, used 29696K [0x0000000080000000, 0x0000000100000000)
  region size 1024K, 24 young (24576K), 0 survivors (0K)
 Metaspace       used 9756K, capacity 9968K, committed 10112K, reserved 1058816K
  class space    used 998K, capacity 1069K, committed 1152K, reserved 1048576K
}
Event: 0.660 GC heap after
{Heap after GC invocations=1 (full 0):
 garbage-first heap   total 260096K, used 9169K [0x0000000080000000, 0x0000000100000000)
  region size 1024K, 3 young (3072K), 3 survivors (3072K)
 Metaspace       used 9756K, capacity 9968K, committed 10112K, reserved 1058816K
  class space    used 998K, capacity 1069K, committed 1152K, reserved 1048576K
}
Event: 2.495 GC heap before
{Heap before GC invocations=1 (full 0):
 garbage-first heap   total 260096K, used 110545K [0x0000000080000000, 0x0000000100000000)
  region size 1024K, 102 young (104448K), 3 survivors (3072K)
 Metaspace       used 20758K, capacity 21197K, committed 21296K, reserved 1069056K
  class space    used 2522K, capacity 2684K, committed 2688K, reserved 1048576K
}
Event: 2.503 GC heap after
{Heap after GC invocations=2 (full 0):
 garbage-first heap   total 260096K, used 16948K [0x0000000080000000, 0x0000000100000000)
  region size 1024K, 11 young (11264K), 11 survivors (11264K)
 Metaspace       used 20758K, capacity 21197K, committed 21296K, reserved 1069056K
  class space    used 2522K, capacity 2684K, committed 2688K, reserved 1048576K
}

Deoptimization events (20 events):
Event: 2.469 Thread 0x0000024973344000 Uncommon trap: trap_request=0xffffff4d fr.pc=0x000002496172c1e4 relative=0x0000000000000524
Event: 2.469 Thread 0x0000024973344000 Uncommon trap: reason=unstable_if action=reinterpret pc=0x000002496172c1e4 method=java.io.File.getName()Ljava/lang/String; @ 16 c2
Event: 2.469 Thread 0x0000024973344000 DEOPT PACKING pc=0x000002496172c1e4 sp=0x000000ceaf4fb260
Event: 2.469 Thread 0x0000024973344000 DEOPT UNPACKING pc=0x0000024959c2a1af sp=0x000000ceaf4fb230 mode 2
Event: 2.469 Thread 0x0000024973344000 Uncommon trap: trap_request=0xffffff4d fr.pc=0x00000249617270c8 relative=0x0000000000000408
Event: 2.469 Thread 0x0000024973344000 Uncommon trap: reason=unstable_if action=reinterpret pc=0x00000249617270c8 method=java.lang.String.substring(I)Ljava/lang/String; @ 34 c2
Event: 2.469 Thread 0x0000024973344000 DEOPT PACKING pc=0x00000249617270c8 sp=0x000000ceaf4fb1e0
Event: 2.469 Thread 0x0000024973344000 DEOPT UNPACKING pc=0x0000024959c2a1af sp=0x000000ceaf4fb1b8 mode 2
Event: 2.503 Thread 0x0000024971d23000 Uncommon trap: trap_request=0xffffff4d fr.pc=0x0000024961706afc relative=0x000000000000023c
Event: 2.503 Thread 0x0000024971d23000 Uncommon trap: reason=unstable_if action=reinterpret pc=0x0000024961706afc method=java.util.concurrent.ConcurrentHashMap.get(Ljava/lang/Object;)Ljava/lang/Object; @ 76 c2
Event: 2.503 Thread 0x0000024971d23000 DEOPT PACKING pc=0x0000024961706afc sp=0x000000ceaf0fe0f0
Event: 2.503 Thread 0x0000024971d23000 DEOPT UNPACKING pc=0x0000024959c2a1af sp=0x000000ceaf0fe058 mode 2
Event: 2.504 Thread 0x0000024971d23000 Uncommon trap: trap_request=0xffffffde fr.pc=0x00000249617689e0 relative=0x00000000000012a0
Event: 2.504 Thread 0x0000024971d23000 Uncommon trap: reason=class_check action=maybe_recompile pc=0x00000249617689e0 method=java.util.concurrent.ConcurrentHashMap.putVal(Ljava/lang/Object;Ljava/lang/Object;Z)Ljava/lang/Object; @ 242 c2
Event: 2.504 Thread 0x0000024971d23000 DEOPT PACKING pc=0x00000249617689e0 sp=0x000000ceaf0fdd40
Event: 2.504 Thread 0x0000024971d23000 DEOPT UNPACKING pc=0x0000024959c2a1af sp=0x000000ceaf0fdcc0 mode 2
Event: 2.586 Thread 0x0000024973344000 Uncommon trap: trap_request=0xffffff4d fr.pc=0x00000249617b2698 relative=0x0000000000000398
Event: 2.586 Thread 0x0000024973344000 Uncommon trap: reason=unstable_if action=reinterpret pc=0x00000249617b2698 method=jdk.internal.org.objectweb.asm.Type.getArgumentsAndReturnSizes(Ljava/lang/String;)I @ 88 c2
Event: 2.586 Thread 0x0000024973344000 DEOPT PACKING pc=0x00000249617b2698 sp=0x000000ceaf4f9580
Event: 2.586 Thread 0x0000024973344000 DEOPT UNPACKING pc=0x0000024959c2a1af sp=0x000000ceaf4f9508 mode 2

Classes redefined (0 events):
No events

Internal exceptions (20 events):
Event: 0.510 Thread 0x00000249560b4800 Exception <a 'java/lang/NoSuchMethodError'{0x000000008ebb9718}: 'java.lang.Object java.lang.invoke.DirectMethodHandle$Holder.invokeVirtual(java.lang.Object, java.lang.Object, java.lang.Object, java.lang.Object, java.lang.Object, java.lang.Object, java.lang.Object)'> (0x000000008ebb9718) thrown at [src/hotspot/share/interpreter/linkResolver.cpp, line 773]
Event: 0.512 Thread 0x00000249560b4800 Exception <a 'java/lang/NoSuchMethodError'{0x000000008ebce600}: 'java.lang.Object java.lang.invoke.Invokers$Holder.invoker(java.lang.Object, java.lang.Object, java.lang.Object)'> (0x000000008ebce600) thrown at [src/hotspot/share/interpreter/linkResolver.cpp, line 773]
Event: 0.515 Thread 0x00000249560b4800 Exception <a 'java/lang/NoSuchMethodError'{0x000000008ebdf678}: 'void java.lang.invoke.DelegatingMethodHandle$Holder.delegate(java.lang.Object, java.lang.Object, int, java.lang.Object)'> (0x000000008ebdf678) thrown at [src/hotspot/share/interpreter/linkResolver.cpp, line 773]
Event: 1.190 Thread 0x00000249560b4800 Exception <a 'java/security/PrivilegedActionException'{0x000000008db4c8c8}> (0x000000008db4c8c8) thrown at [src/hotspot/share/prims/jvm.cpp, line 1306]
Event: 1.190 Thread 0x00000249560b4800 Exception <a 'java/security/PrivilegedActionException'{0x000000008db4ce40}> (0x000000008db4ce40) thrown at [src/hotspot/share/prims/jvm.cpp, line 1306]
Event: 1.464 Thread 0x00000249560b4800 Exception <a 'java/lang/NoSuchMethodError'{0x000000008caa4620}: 'java.lang.Object java.lang.invoke.DirectMethodHandle$Holder.invokeStaticInit(java.lang.Object, java.lang.Object, java.lang.Object)'> (0x000000008caa4620) thrown at [src/hotspot/share/interpreter/linkResolver.cpp, line 773]
Event: 1.598 Thread 0x00000249560b4800 Exception <a 'java/lang/NoSuchMethodError'{0x000000008c32a4f0}: 'java.lang.Object java.lang.invoke.DirectMethodHandle$Holder.invokeStaticInit(java.lang.Object, int, int, int, int)'> (0x000000008c32a4f0) thrown at [src/hotspot/share/interpreter/linkResolver.cpp, line 773]
Event: 1.752 Thread 0x00000249560b4800 Exception <a 'java/lang/NoSuchMethodError'{0x000000008c360998}: 'java.lang.Object java.lang.invoke.DirectMethodHandle$Holder.invokeStaticInit(java.lang.Object, java.lang.Object, int, int, int, int)'> (0x000000008c360998) thrown at [src/hotspot/share/interpreter/linkResolver.cpp, line 773]
Event: 2.017 Thread 0x00000249560b4800 Exception <a 'java/io/IOException'{0x000000008c1b8058}> (0x000000008c1b8058) thrown at [src/hotspot/share/prims/jni.cpp, line 617]
Event: 2.124 Thread 0x0000024973344000 Exception <a 'java/lang/NoSuchMethodError'{0x000000008bbf6050}: 'long java.lang.invoke.DirectMethodHandle$Holder.invokeInterface(java.lang.Object, java.lang.Object)'> (0x000000008bbf6050) thrown at [src/hotspot/share/interpreter/linkResolver.cpp, line 773]
Event: 2.125 Thread 0x0000024973344000 Exception <a 'java/lang/NoSuchMethodError'{0x000000008ba037b8}: 'void java.lang.invoke.DelegatingMethodHandle$Holder.reinvoke_L(java.lang.Object, java.lang.Object, java.lang.Object, java.lang.Object, java.lang.Object, java.lang.Object, java.lang.Object)'> (0x000000008ba037b8) thrown at [src/hotspot/share/interpreter/linkResolver.cpp, line 773]
Event: 2.404 Thread 0x0000024973344000 Exception <a 'java/lang/NoSuchMethodError'{0x0000000089f58e38}: 'void java.lang.invoke.DirectMethodHandle$Holder.invokeStaticInit(java.lang.Object)'> (0x0000000089f58e38) thrown at [src/hotspot/share/interpreter/linkResolver.cpp, line 773]
Event: 2.414 Thread 0x0000024973344000 Exception <a 'java/lang/NoSuchMethodError'{0x0000000089e08c78}: 'java.lang.Object java.lang.invoke.DirectMethodHandle$Holder.invokeStatic(java.lang.Object, java.lang.Object, java.lang.Object, int)'> (0x0000000089e08c78) thrown at [src/hotspot/share/interpreter/linkResolver.cpp, line 773]
Event: 2.414 Thread 0x0000024973344000 Exception <a 'java/lang/NoSuchMethodError'{0x0000000089e0d390}: 'java.lang.Object java.lang.invoke.DirectMethodHandle$Holder.invokeSpecial(java.lang.Object, java.lang.Object, java.lang.Object, java.lang.Object, int)'> (0x0000000089e0d390) thrown at [src/hotspot/share/interpreter/linkResolver.cpp, line 773]
Event: 2.414 Thread 0x0000024973344000 Exception <a 'java/lang/NoSuchMethodError'{0x0000000089e112c8}: 'java.lang.Object java.lang.invoke.Invokers$Holder.linkToTargetMethod(java.lang.Object, java.lang.Object, int, java.lang.Object)'> (0x0000000089e112c8) thrown at [src/hotspot/share/interpreter/linkResolver.cpp, line 773]
Event: 2.530 Thread 0x0000024973344000 Exception <a 'java/lang/NoSuchMethodError'{0x000000008fc180b0}: 'int java.lang.invoke.DirectMethodHandle$Holder.invokeSpecialIFC(java.lang.Object, java.lang.Object, java.lang.Object, java.lang.Object)'> (0x000000008fc180b0) thrown at [src/hotspot/share/interpreter/linkResolver.cpp, line 773]
Event: 2.531 Thread 0x0000024973344000 Exception <a 'java/lang/NoSuchMethodError'{0x000000008fc262f8}: 'java.lang.Object java.lang.invoke.DirectMethodHandle$Holder.invokeInterface(java.lang.Object, java.lang.Object, java.lang.Object)'> (0x000000008fc262f8) thrown at [src/hotspot/share/interpreter/linkResolver.cpp, line 773]
Event: 2.531 Thread 0x0000024973344000 Exception <a 'java/lang/IncompatibleClassChangeError'{0x000000008fc297d0}: Found class java.lang.Object, but interface was expected> (0x000000008fc297d0) thrown at [src/hotspot/share/interpreter/linkResolver.cpp, line 839]
Event: 2.661 Thread 0x0000024973344000 Exception <a 'java/lang/NoSuchMethodError'{0x000000008f1cbb58}: 'java.lang.Object java.lang.invoke.DirectMethodHandle$Holder.invokeSpecial(java.lang.Object, java.lang.Object, java.lang.Object, java.lang.Object, java.lang.Object, java.lang.Object, java.lang.Object, java.lang.Object, java.lang.Object)'> (0x000000008f1cbb58) thrown at [src/hotspot/share/interpreter/linkResolver.cpp, line 773]
Event: 2.729 Thread 0x0000024973344000 Exception <a 'java/lang/NoSuchMethodError'{0x000000008e754738}: 'java.lang.Object java.lang.invoke.DirectMethodHandle$Holder.invokeVirtual(java.lang.Object, java.lang.Object, java.lang.Object, java.lang.Object)'> (0x000000008e754738) thrown at [src/hotspot/share/interpreter/linkResolver.cpp, line 773]

Events (20 events):
Event: 2.727 loading class org/gradle/plugins/ide/internal/configurer/UniqueProjectNameProvider
Event: 2.727 loading class org/gradle/plugins/ide/internal/configurer/UniqueProjectNameProvider done
Event: 2.727 loading class org/gradle/ide/xcode/internal/services/XcodeServices$GlobalIdGeneratorServices
Event: 2.727 loading class org/gradle/ide/xcode/internal/services/XcodeServices$GlobalIdGeneratorServices done
Event: 2.727 loading class org/gradle/ide/xcode/internal/xcodeproj/GidGenerator
Event: 2.727 loading class org/gradle/ide/xcode/internal/xcodeproj/GidGenerator done
Event: 2.728 loading class org/gradle/language/cpp/internal/NativeDependencyCache
Event: 2.728 loading class org/gradle/language/cpp/internal/NativeDependencyCache done
Event: 2.728 loading class org/gradle/nativeplatform/internal/resolve/NativeDependencyResolverServices
Event: 2.728 loading class org/gradle/nativeplatform/internal/resolve/NativeDependencyResolverServices done
Event: 2.729 loading class org/gradle/nativeplatform/internal/resolve/NativeDependencyResolver
Event: 2.729 loading class org/gradle/nativeplatform/internal/resolve/NativeDependencyResolver done
Event: 2.729 loading class org/gradle/nativeplatform/internal/resolve/LibraryBinaryLocator
Event: 2.729 loading class org/gradle/nativeplatform/internal/resolve/LibraryBinaryLocator done
Event: 2.729 loading class org/gradle/nativeplatform/toolchain/internal/metadata/CompilerMetaDataProviderFactory
Event: 2.729 loading class org/gradle/nativeplatform/toolchain/internal/metadata/CompilerMetaDataProviderFactory done
Event: 2.730 loading class org/gradle/nativeplatform/toolchain/internal/metadata/CompilerMetaDataProvider
Event: 2.730 loading class org/gradle/nativeplatform/toolchain/internal/metadata/CompilerMetaDataProvider done
Event: 2.730 loading class org/gradle/internal/resource/transport/aws/s3/S3ResourcesPluginServiceRegistry$AuthenticationSchemeAction
Event: 2.730 loading class org/gradle/internal/resource/transport/aws/s3/S3ResourcesPluginServiceRegistry$AuthenticationSchemeAction done


Dynamic libraries:
0x00007ff644c90000 - 0x00007ff644c9a000 	C:\Program Files\Android\Android Studio1\jbr\bin\java.exe
0x00007fff75f50000 - 0x00007fff76148000 	C:\Windows\SYSTEM32\ntdll.dll
0x00007fff74fd0000 - 0x00007fff7508f000 	C:\Windows\System32\KERNEL32.DLL
0x00007fff736f0000 - 0x00007fff739c2000 	C:\Windows\System32\KERNELBASE.dll
0x00007fff739d0000 - 0x00007fff73ad0000 	C:\Windows\System32\ucrtbase.dll
0x00007fff576f0000 - 0x00007fff57707000 	C:\Program Files\Android\Android Studio1\jbr\bin\jli.dll
0x00007fff57330000 - 0x00007fff5734b000 	C:\Program Files\Android\Android Studio1\jbr\bin\VCRUNTIME140.dll
0x00007fff74e10000 - 0x00007fff74fb1000 	C:\Windows\System32\USER32.dll
0x00007fff73f70000 - 0x00007fff73f92000 	C:\Windows\System32\win32u.dll
0x00007fff60b70000 - 0x00007fff60e0a000 	C:\Windows\WinSxS\amd64_microsoft.windows.common-controls_6595b64144ccf1df_6.0.19041.1110_none_60b5254171f9507e\COMCTL32.dll
0x00007fff75db0000 - 0x00007fff75ddb000 	C:\Windows\System32\GDI32.dll
0x00007fff75330000 - 0x00007fff753ce000 	C:\Windows\System32\msvcrt.dll
0x00007fff73d80000 - 0x00007fff73e8f000 	C:\Windows\System32\gdi32full.dll
0x00007fff73650000 - 0x00007fff736ed000 	C:\Windows\System32\msvcp_win.dll
0x00007fff74890000 - 0x00007fff748c0000 	C:\Windows\System32\IMM32.DLL
0x00007fff69a70000 - 0x00007fff69a7c000 	C:\Program Files\Android\Android Studio1\jbr\bin\vcruntime140_1.dll
0x00007fff54630000 - 0x00007fff546bd000 	C:\Program Files\Android\Android Studio1\jbr\bin\msvcp140.dll
0x00007fff29c10000 - 0x00007fff2a7cc000 	C:\Program Files\Android\Android Studio1\jbr\bin\server\jvm.dll
0x00007fff748c0000 - 0x00007fff7496e000 	C:\Windows\System32\ADVAPI32.dll
0x00007fff75440000 - 0x00007fff754dc000 	C:\Windows\System32\sechost.dll
0x00007fff75540000 - 0x00007fff75664000 	C:\Windows\System32\RPCRT4.dll
0x00007fff740d0000 - 0x00007fff740d8000 	C:\Windows\System32\PSAPI.DLL
0x00007fff66660000 - 0x00007fff66687000 	C:\Windows\SYSTEM32\WINMM.dll
0x00007fff6f1c0000 - 0x00007fff6f1c9000 	C:\Windows\SYSTEM32\WSOCK32.dll
0x00007fff6c840000 - 0x00007fff6c84a000 	C:\Windows\SYSTEM32\VERSION.dll
0x00007fff753d0000 - 0x00007fff7543b000 	C:\Windows\System32\WS2_32.dll
0x00007fff71450000 - 0x00007fff71462000 	C:\Windows\SYSTEM32\kernel.appcore.dll
0x00007fff6f1b0000 - 0x00007fff6f1c0000 	C:\Program Files\Android\Android Studio1\jbr\bin\verify.dll
0x00007fff62890000 - 0x00007fff62a74000 	C:\Windows\SYSTEM32\DBGHELP.DLL
0x00007fff5bb20000 - 0x00007fff5bb55000 	C:\Windows\SYSTEM32\dbgcore.DLL
0x00007fff73ca0000 - 0x00007fff73d22000 	C:\Windows\System32\bcryptPrimitives.dll
0x00007fff6f180000 - 0x00007fff6f1a8000 	C:\Program Files\Android\Android Studio1\jbr\bin\java.dll
0x00007fff6f160000 - 0x00007fff6f16a000 	C:\Program Files\Android\Android Studio1\jbr\bin\jimage.dll
0x00007fff6f0b0000 - 0x00007fff6f0c8000 	C:\Program Files\Android\Android Studio1\jbr\bin\zip.dll
0x00007fff74140000 - 0x00007fff74885000 	C:\Windows\System32\SHELL32.dll
0x00007fff71730000 - 0x00007fff71ec2000 	C:\Windows\SYSTEM32\windows.storage.dll
0x00007fff74970000 - 0x00007fff74cc5000 	C:\Windows\System32\combase.dll
0x00007fff72fd0000 - 0x00007fff73000000 	C:\Windows\SYSTEM32\Wldp.dll
0x00007fff74020000 - 0x00007fff740cd000 	C:\Windows\System32\SHCORE.dll
0x00007fff74cd0000 - 0x00007fff74d25000 	C:\Windows\System32\shlwapi.dll
0x00007fff73590000 - 0x00007fff735af000 	C:\Windows\SYSTEM32\profapi.dll
0x00007fff6f090000 - 0x00007fff6f0a9000 	C:\Program Files\Android\Android Studio1\jbr\bin\net.dll
0x00007fff6c560000 - 0x00007fff6c66a000 	C:\Windows\SYSTEM32\WINHTTP.dll
0x00007fff72d30000 - 0x00007fff72d9a000 	C:\Windows\system32\mswsock.dll
0x00007fff6ec10000 - 0x00007fff6ec23000 	C:\Program Files\Android\Android Studio1\jbr\bin\nio.dll
0x00007fff55be0000 - 0x00007fff55c07000 	C:\Users\USER\Documents\fictionlog-android2\.gradle\7.4.2\native\e1d6ef7f7dcc3fd88c89a11ec53ec762bb8ba0a96d01ffa2cd45eb1d1d8dd5c5\windows-amd64\native-platform.dll
0x00007fff339f0000 - 0x00007fff33b34000 	C:\Users\USER\Documents\fictionlog-android2\.gradle\7.4.2\native\5664cfc778a61ccfe75a443a1ab52a65af34e5dc3c78e0209fed803814484fcb\windows-amd64\native-platform-file-events.dll
0x00007fff6ec00000 - 0x00007fff6ec0a000 	C:\Program Files\Android\Android Studio1\jbr\bin\management.dll
0x00007fff6ebb0000 - 0x00007fff6ebbb000 	C:\Program Files\Android\Android Studio1\jbr\bin\management_ext.dll
0x00007fff72f20000 - 0x00007fff72f38000 	C:\Windows\SYSTEM32\CRYPTSP.dll
0x00007fff72650000 - 0x00007fff72684000 	C:\Windows\system32\rsaenh.dll
0x00007fff73f40000 - 0x00007fff73f67000 	C:\Windows\System32\bcrypt.dll
0x00007fff73550000 - 0x00007fff7357e000 	C:\Windows\SYSTEM32\USERENV.dll
0x00007fff72f40000 - 0x00007fff72f4c000 	C:\Windows\SYSTEM32\CRYPTBASE.dll
0x00007fff72a20000 - 0x00007fff72a5b000 	C:\Windows\SYSTEM32\IPHLPAPI.DLL
0x00007fff74fc0000 - 0x00007fff74fc8000 	C:\Windows\System32\NSI.dll
0x00007fff6c8d0000 - 0x00007fff6c8e7000 	C:\Windows\SYSTEM32\dhcpcsvc6.DLL
0x00007fff6cb60000 - 0x00007fff6cb7d000 	C:\Windows\SYSTEM32\dhcpcsvc.DLL
0x00007fff72a60000 - 0x00007fff72b2b000 	C:\Windows\SYSTEM32\DNSAPI.dll

dbghelp: loaded successfully - version: 4.0.5 - missing functions: none
symbol engine: initialized successfully - sym options: 0x614 - pdb path: .;C:\Program Files\Android\Android Studio1\jbr\bin;C:\Windows\SYSTEM32;C:\Windows\WinSxS\amd64_microsoft.windows.common-controls_6595b64144ccf1df_6.0.19041.1110_none_60b5254171f9507e;C:\Program Files\Android\Android Studio1\jbr\bin\server;C:\Users\USER\Documents\fictionlog-android2\.gradle\7.4.2\native\e1d6ef7f7dcc3fd88c89a11ec53ec762bb8ba0a96d01ffa2cd45eb1d1d8dd5c5\windows-amd64;C:\Users\USER\Documents\fictionlog-android2\.gradle\7.4.2\native\5664cfc778a61ccfe75a443a1ab52a65af34e5dc3c78e0209fed803814484fcb\windows-amd64

VM Arguments:
jvm_args: --add-opens=java.base/java.util=ALL-UNNAMED --add-opens=java.base/java.lang=ALL-UNNAMED --add-opens=java.base/java.lang.invoke=ALL-UNNAMED --add-opens=java.base/java.util=ALL-UNNAMED --add-opens=java.prefs/java.util.prefs=ALL-UNNAMED --add-opens=java.prefs/java.util.prefs=ALL-UNNAMED --add-opens=java.base/java.nio.charset=ALL-UNNAMED --add-opens=java.base/java.net=ALL-UNNAMED --add-opens=java.base/java.util.concurrent.atomic=ALL-UNNAMED -Xmx2048m -Dfile.encoding=UTF-8 -Duser.country=US -Duser.language=en -Duser.variant 
java_command: org.gradle.launcher.daemon.bootstrap.GradleDaemon 7.3.3
java_class_path (initial): C:\Users\USER\Documents\fictionlog-android2\.gradle\7.4.2\wrapper\dists\gradle-7.3.3-bin\6a41zxkdtcxs8rphpq6y0069z\gradle-7.3.3\lib\gradle-launcher-7.3.3.jar
Launcher Type: SUN_STANDARD

[Global flags]
     intx CICompilerCount                          = 4                                         {product} {ergonomic}
     uint ConcGCThreads                            = 2                                         {product} {ergonomic}
     uint G1ConcRefinementThreads                  = 8                                         {product} {ergonomic}
   size_t G1HeapRegionSize                         = 1048576                                   {product} {ergonomic}
    uintx GCDrainStackTargetSize                   = 64                                        {product} {ergonomic}
   size_t InitialHeapSize                          = 266338304                                 {product} {ergonomic}
   size_t MarkStackSize                            = 4194304                                   {product} {ergonomic}
   size_t MaxHeapSize                              = 2147483648                                {product} {command line}
   size_t MaxNewSize                               = 1287651328                                {product} {ergonomic}
   size_t MinHeapDeltaBytes                        = 1048576                                   {product} {ergonomic}
    uintx NonNMethodCodeHeapSize                   = 5836300                                {pd product} {ergonomic}
    uintx NonProfiledCodeHeapSize                  = 122910970                              {pd product} {ergonomic}
    uintx ProfiledCodeHeapSize                     = 122910970                              {pd product} {ergonomic}
    uintx ReservedCodeCacheSize                    = 251658240                              {pd product} {ergonomic}
     bool SegmentedCodeCache                       = true                                      {product} {ergonomic}
     bool UseCompressedClassPointers               = true                                 {lp64_product} {ergonomic}
     bool UseCompressedOops                        = true                                 {lp64_product} {ergonomic}
     bool UseG1GC                                  = true                                      {product} {ergonomic}
     bool UseLargePagesIndividualAllocation        = false                                  {pd product} {ergonomic}

Logging:
Log output configuration:
 #0: stdout all=warning uptime,level,tags
 #1: stderr all=off uptime,level,tags

Environment Variables:
PATH=C:\Windows\system32;C:\Windows;C:\Windows\System32\Wbem;C:\Windows\System32\WindowsPowerShell\v1.0\;C:\Windows\System32\OpenSSH\;C:\Program Files\NVIDIA Corporation\NVIDIA NvDLISR;C:\Program Files (x86)\NVIDIA Corporation\PhysX\Common;C:\Program Files\Git\cmd;C:\Program Files\nodejs\;C:\Users\USER\AppData\Local\Microsoft\WindowsApps;C:\Users\USER\AppData\Local\Programs\Microsoft VS Code\bin;C:\flutter\bin;C:\Users\USER\AppData\Roaming\npm
USERNAME=USER
OS=Windows_NT
PROCESSOR_IDENTIFIER=Intel64 Family 6 Model 165 Stepping 3, GenuineIntel



---------------  S Y S T E M  ---------------

OS: Windows 10 , 64 bit Build 19041 (10.0.19041.2546)
OS uptime: 6 days 8:31 hours

CPU:total 8 (initial active 8) (6 cores per cpu, 2 threads per core) family 6 model 165 stepping 3 microcode 0xe0, cmov, cx8, fxsr, mmx, sse, sse2, sse3, ssse3, sse4.1, sse4.2, popcnt, avx, avx2, aes, clmul, erms, 3dnowpref, lzcnt, ht, tsc, tscinvbit, bmi1, bmi2, adx, fma

Memory: 4k page, system-wide physical 16251M (1596M free)
TotalPageFile size 38673M (AvailPageFile size 5M)
current process WorkingSet (physical memory assigned to process): 229M, peak: 229M
current process commit charge ("private bytes"): 406M, peak: 407M

vm_info: OpenJDK 64-Bit Server VM (11.0.15+0-b2043.56-9505619) for windows-amd64 JRE (11.0.15+0-b2043.56-9505619), built on Jan 19 2023 02:48:00 by "builduser" with unknown MS VC++:1929

END.
